Created by PLY version 3.11 (http://www.dabeaz.com/ply)

Grammar

Rule 0     S' -> match_part
Rule 1     match_part -> LEFT_BRACKET expression RIGHT_BRACKET
Rule 2     match_part -> LEFT_BRACKET expressions RIGHT_BRACKET
Rule 3     expressions -> expression
Rule 4     expressions -> expressions expression
Rule 5     expression -> function
Rule 6     expression -> equality
Rule 7     expression -> header
Rule 8     function -> NAME OPEN_PAREN CLOSE_PAREN
Rule 9     function -> NAME OPEN_PAREN equality CLOSE_PAREN
Rule 10    function -> NAME OPEN_PAREN function CLOSE_PAREN
Rule 11    function -> NAME OPEN_PAREN var_or_header CLOSE_PAREN
Rule 12    function -> NAME OPEN_PAREN term CLOSE_PAREN
Rule 13    equality -> function EQUALS term
Rule 14    equality -> function EQUALS var_or_header
Rule 15    equality -> var_or_header EQUALS function
Rule 16    equality -> var_or_header EQUALS term
Rule 17    equality -> var_or_header EQUALS var_or_header
Rule 18    equality -> term EQUALS var_or_header
Rule 19    equality -> term EQUALS term
Rule 20    equality -> term EQUALS function
Rule 21    equality -> equality EQUALS equality
Rule 22    equality -> equality EQUALS term
Rule 23    term -> QUOTE NAME QUOTE
Rule 24    term -> QUOTE DATE QUOTE
Rule 25    term -> QUOTE NUMBER QUOTE
Rule 26    term -> NUMBER
Rule 27    term -> REGEX
Rule 28    var_or_header -> header
Rule 29    var_or_header -> var
Rule 30    var -> VAR_SYM NAME
Rule 31    header -> HEADER_SYM NAME
Rule 32    header -> HEADER_SYM NUMBER

Terminals, with rules where they appear

CLOSE_PAREN          : 8 9 10 11 12
DATE                 : 24
EQUALS               : 13 14 15 16 17 18 19 20 21 22
HEADER_SYM           : 31 32
LEFT_BRACKET         : 1 2
NAME                 : 8 9 10 11 12 23 30 31
NUMBER               : 25 26 32
OPEN_PAREN           : 8 9 10 11 12
QUOTE                : 23 23 24 24 25 25
REGEX                : 27
RIGHT_BRACKET        : 1 2
VAR_SYM              : 30
error                : 

Nonterminals, with rules where they appear

equality             : 6 9 21 21 22
expression           : 1 3 4
expressions          : 2 4
function             : 5 10 13 14 15 20
header               : 7 28
match_part           : 0
term                 : 12 13 16 18 19 19 20 22
var                  : 29
var_or_header        : 11 14 15 16 17 17 18

Parsing method: LALR

state 0

    (0) S' -> . match_part
    (1) match_part -> . LEFT_BRACKET expression RIGHT_BRACKET
    (2) match_part -> . LEFT_BRACKET expressions RIGHT_BRACKET

    LEFT_BRACKET    shift and go to state 2

    match_part                     shift and go to state 1

state 1

    (0) S' -> match_part .



state 2

    (1) match_part -> LEFT_BRACKET . expression RIGHT_BRACKET
    (2) match_part -> LEFT_BRACKET . expressions RIGHT_BRACKET
    (5) expression -> . function
    (6) expression -> . equality
    (7) expression -> . header
    (3) expressions -> . expression
    (4) expressions -> . expressions expression
    (8) function -> . NAME OPEN_PAREN CLOSE_PAREN
    (9) function -> . NAME OPEN_PAREN equality CLOSE_PAREN
    (10) function -> . NAME OPEN_PAREN function CLOSE_PAREN
    (11) function -> . NAME OPEN_PAREN var_or_header CLOSE_PAREN
    (12) function -> . NAME OPEN_PAREN term CLOSE_PAREN
    (13) equality -> . function EQUALS term
    (14) equality -> . function EQUALS var_or_header
    (15) equality -> . var_or_header EQUALS function
    (16) equality -> . var_or_header EQUALS term
    (17) equality -> . var_or_header EQUALS var_or_header
    (18) equality -> . term EQUALS var_or_header
    (19) equality -> . term EQUALS term
    (20) equality -> . term EQUALS function
    (21) equality -> . equality EQUALS equality
    (22) equality -> . equality EQUALS term
    (31) header -> . HEADER_SYM NAME
    (32) header -> . HEADER_SYM NUMBER
    (28) var_or_header -> . header
    (29) var_or_header -> . var
    (23) term -> . QUOTE NAME QUOTE
    (24) term -> . QUOTE DATE QUOTE
    (25) term -> . QUOTE NUMBER QUOTE
    (26) term -> . NUMBER
    (27) term -> . REGEX
    (30) var -> . VAR_SYM NAME

    NAME            shift and go to state 8
    HEADER_SYM      shift and go to state 11
    QUOTE           shift and go to state 14
    NUMBER          shift and go to state 12
    REGEX           shift and go to state 15
    VAR_SYM         shift and go to state 16

    expression                     shift and go to state 3
    expressions                    shift and go to state 4
    function                       shift and go to state 5
    equality                       shift and go to state 6
    header                         shift and go to state 7
    var_or_header                  shift and go to state 9
    term                           shift and go to state 10
    var                            shift and go to state 13

state 3

    (1) match_part -> LEFT_BRACKET expression . RIGHT_BRACKET
    (3) expressions -> expression .

  ! shift/reduce conflict for RIGHT_BRACKET resolved as shift
    RIGHT_BRACKET   shift and go to state 17
    NAME            reduce using rule 3 (expressions -> expression .)
    HEADER_SYM      reduce using rule 3 (expressions -> expression .)
    QUOTE           reduce using rule 3 (expressions -> expression .)
    NUMBER          reduce using rule 3 (expressions -> expression .)
    REGEX           reduce using rule 3 (expressions -> expression .)
    VAR_SYM         reduce using rule 3 (expressions -> expression .)

  ! RIGHT_BRACKET   [ reduce using rule 3 (expressions -> expression .) ]


state 4

    (2) match_part -> LEFT_BRACKET expressions . RIGHT_BRACKET
    (4) expressions -> expressions . expression
    (5) expression -> . function
    (6) expression -> . equality
    (7) expression -> . header
    (8) function -> . NAME OPEN_PAREN CLOSE_PAREN
    (9) function -> . NAME OPEN_PAREN equality CLOSE_PAREN
    (10) function -> . NAME OPEN_PAREN function CLOSE_PAREN
    (11) function -> . NAME OPEN_PAREN var_or_header CLOSE_PAREN
    (12) function -> . NAME OPEN_PAREN term CLOSE_PAREN
    (13) equality -> . function EQUALS term
    (14) equality -> . function EQUALS var_or_header
    (15) equality -> . var_or_header EQUALS function
    (16) equality -> . var_or_header EQUALS term
    (17) equality -> . var_or_header EQUALS var_or_header
    (18) equality -> . term EQUALS var_or_header
    (19) equality -> . term EQUALS term
    (20) equality -> . term EQUALS function
    (21) equality -> . equality EQUALS equality
    (22) equality -> . equality EQUALS term
    (31) header -> . HEADER_SYM NAME
    (32) header -> . HEADER_SYM NUMBER
    (28) var_or_header -> . header
    (29) var_or_header -> . var
    (23) term -> . QUOTE NAME QUOTE
    (24) term -> . QUOTE DATE QUOTE
    (25) term -> . QUOTE NUMBER QUOTE
    (26) term -> . NUMBER
    (27) term -> . REGEX
    (30) var -> . VAR_SYM NAME

    RIGHT_BRACKET   shift and go to state 18
    NAME            shift and go to state 8
    HEADER_SYM      shift and go to state 11
    QUOTE           shift and go to state 14
    NUMBER          shift and go to state 12
    REGEX           shift and go to state 15
    VAR_SYM         shift and go to state 16

    expression                     shift and go to state 19
    function                       shift and go to state 5
    equality                       shift and go to state 6
    header                         shift and go to state 7
    var_or_header                  shift and go to state 9
    term                           shift and go to state 10
    var                            shift and go to state 13

state 5

    (5) expression -> function .
    (13) equality -> function . EQUALS term
    (14) equality -> function . EQUALS var_or_header

    RIGHT_BRACKET   reduce using rule 5 (expression -> function .)
    NAME            reduce using rule 5 (expression -> function .)
    HEADER_SYM      reduce using rule 5 (expression -> function .)
    QUOTE           reduce using rule 5 (expression -> function .)
    NUMBER          reduce using rule 5 (expression -> function .)
    REGEX           reduce using rule 5 (expression -> function .)
    VAR_SYM         reduce using rule 5 (expression -> function .)
    EQUALS          shift and go to state 20


state 6

    (6) expression -> equality .
    (21) equality -> equality . EQUALS equality
    (22) equality -> equality . EQUALS term

    RIGHT_BRACKET   reduce using rule 6 (expression -> equality .)
    NAME            reduce using rule 6 (expression -> equality .)
    HEADER_SYM      reduce using rule 6 (expression -> equality .)
    QUOTE           reduce using rule 6 (expression -> equality .)
    NUMBER          reduce using rule 6 (expression -> equality .)
    REGEX           reduce using rule 6 (expression -> equality .)
    VAR_SYM         reduce using rule 6 (expression -> equality .)
    EQUALS          shift and go to state 21


state 7

    (7) expression -> header .
    (28) var_or_header -> header .

    RIGHT_BRACKET   reduce using rule 7 (expression -> header .)
    NAME            reduce using rule 7 (expression -> header .)
    HEADER_SYM      reduce using rule 7 (expression -> header .)
    QUOTE           reduce using rule 7 (expression -> header .)
    NUMBER          reduce using rule 7 (expression -> header .)
    REGEX           reduce using rule 7 (expression -> header .)
    VAR_SYM         reduce using rule 7 (expression -> header .)
    EQUALS          reduce using rule 28 (var_or_header -> header .)


state 8

    (8) function -> NAME . OPEN_PAREN CLOSE_PAREN
    (9) function -> NAME . OPEN_PAREN equality CLOSE_PAREN
    (10) function -> NAME . OPEN_PAREN function CLOSE_PAREN
    (11) function -> NAME . OPEN_PAREN var_or_header CLOSE_PAREN
    (12) function -> NAME . OPEN_PAREN term CLOSE_PAREN

    OPEN_PAREN      shift and go to state 22


state 9

    (15) equality -> var_or_header . EQUALS function
    (16) equality -> var_or_header . EQUALS term
    (17) equality -> var_or_header . EQUALS var_or_header

    EQUALS          shift and go to state 23


state 10

    (18) equality -> term . EQUALS var_or_header
    (19) equality -> term . EQUALS term
    (20) equality -> term . EQUALS function

    EQUALS          shift and go to state 24


state 11

    (31) header -> HEADER_SYM . NAME
    (32) header -> HEADER_SYM . NUMBER

    NAME            shift and go to state 25
    NUMBER          shift and go to state 26


state 12

    (26) term -> NUMBER .

    EQUALS          reduce using rule 26 (term -> NUMBER .)
    RIGHT_BRACKET   reduce using rule 26 (term -> NUMBER .)
    NAME            reduce using rule 26 (term -> NUMBER .)
    HEADER_SYM      reduce using rule 26 (term -> NUMBER .)
    QUOTE           reduce using rule 26 (term -> NUMBER .)
    NUMBER          reduce using rule 26 (term -> NUMBER .)
    REGEX           reduce using rule 26 (term -> NUMBER .)
    VAR_SYM         reduce using rule 26 (term -> NUMBER .)
    CLOSE_PAREN     reduce using rule 26 (term -> NUMBER .)


state 13

    (29) var_or_header -> var .

    EQUALS          reduce using rule 29 (var_or_header -> var .)
    RIGHT_BRACKET   reduce using rule 29 (var_or_header -> var .)
    NAME            reduce using rule 29 (var_or_header -> var .)
    HEADER_SYM      reduce using rule 29 (var_or_header -> var .)
    QUOTE           reduce using rule 29 (var_or_header -> var .)
    NUMBER          reduce using rule 29 (var_or_header -> var .)
    REGEX           reduce using rule 29 (var_or_header -> var .)
    VAR_SYM         reduce using rule 29 (var_or_header -> var .)
    CLOSE_PAREN     reduce using rule 29 (var_or_header -> var .)


state 14

    (23) term -> QUOTE . NAME QUOTE
    (24) term -> QUOTE . DATE QUOTE
    (25) term -> QUOTE . NUMBER QUOTE

    NAME            shift and go to state 27
    DATE            shift and go to state 28
    NUMBER          shift and go to state 29


state 15

    (27) term -> REGEX .

    EQUALS          reduce using rule 27 (term -> REGEX .)
    RIGHT_BRACKET   reduce using rule 27 (term -> REGEX .)
    NAME            reduce using rule 27 (term -> REGEX .)
    HEADER_SYM      reduce using rule 27 (term -> REGEX .)
    QUOTE           reduce using rule 27 (term -> REGEX .)
    NUMBER          reduce using rule 27 (term -> REGEX .)
    REGEX           reduce using rule 27 (term -> REGEX .)
    VAR_SYM         reduce using rule 27 (term -> REGEX .)
    CLOSE_PAREN     reduce using rule 27 (term -> REGEX .)


state 16

    (30) var -> VAR_SYM . NAME

    NAME            shift and go to state 30


state 17

    (1) match_part -> LEFT_BRACKET expression RIGHT_BRACKET .

    $end            reduce using rule 1 (match_part -> LEFT_BRACKET expression RIGHT_BRACKET .)


state 18

    (2) match_part -> LEFT_BRACKET expressions RIGHT_BRACKET .

    $end            reduce using rule 2 (match_part -> LEFT_BRACKET expressions RIGHT_BRACKET .)


state 19

    (4) expressions -> expressions expression .

    RIGHT_BRACKET   reduce using rule 4 (expressions -> expressions expression .)
    NAME            reduce using rule 4 (expressions -> expressions expression .)
    HEADER_SYM      reduce using rule 4 (expressions -> expressions expression .)
    QUOTE           reduce using rule 4 (expressions -> expressions expression .)
    NUMBER          reduce using rule 4 (expressions -> expressions expression .)
    REGEX           reduce using rule 4 (expressions -> expressions expression .)
    VAR_SYM         reduce using rule 4 (expressions -> expressions expression .)


state 20

    (13) equality -> function EQUALS . term
    (14) equality -> function EQUALS . var_or_header
    (23) term -> . QUOTE NAME QUOTE
    (24) term -> . QUOTE DATE QUOTE
    (25) term -> . QUOTE NUMBER QUOTE
    (26) term -> . NUMBER
    (27) term -> . REGEX
    (28) var_or_header -> . header
    (29) var_or_header -> . var
    (31) header -> . HEADER_SYM NAME
    (32) header -> . HEADER_SYM NUMBER
    (30) var -> . VAR_SYM NAME

    QUOTE           shift and go to state 14
    NUMBER          shift and go to state 12
    REGEX           shift and go to state 15
    HEADER_SYM      shift and go to state 11
    VAR_SYM         shift and go to state 16

    term                           shift and go to state 31
    var_or_header                  shift and go to state 32
    header                         shift and go to state 33
    var                            shift and go to state 13

state 21

    (21) equality -> equality EQUALS . equality
    (22) equality -> equality EQUALS . term
    (13) equality -> . function EQUALS term
    (14) equality -> . function EQUALS var_or_header
    (15) equality -> . var_or_header EQUALS function
    (16) equality -> . var_or_header EQUALS term
    (17) equality -> . var_or_header EQUALS var_or_header
    (18) equality -> . term EQUALS var_or_header
    (19) equality -> . term EQUALS term
    (20) equality -> . term EQUALS function
    (21) equality -> . equality EQUALS equality
    (22) equality -> . equality EQUALS term
    (23) term -> . QUOTE NAME QUOTE
    (24) term -> . QUOTE DATE QUOTE
    (25) term -> . QUOTE NUMBER QUOTE
    (26) term -> . NUMBER
    (27) term -> . REGEX
    (8) function -> . NAME OPEN_PAREN CLOSE_PAREN
    (9) function -> . NAME OPEN_PAREN equality CLOSE_PAREN
    (10) function -> . NAME OPEN_PAREN function CLOSE_PAREN
    (11) function -> . NAME OPEN_PAREN var_or_header CLOSE_PAREN
    (12) function -> . NAME OPEN_PAREN term CLOSE_PAREN
    (28) var_or_header -> . header
    (29) var_or_header -> . var
    (31) header -> . HEADER_SYM NAME
    (32) header -> . HEADER_SYM NUMBER
    (30) var -> . VAR_SYM NAME

    QUOTE           shift and go to state 14
    NUMBER          shift and go to state 12
    REGEX           shift and go to state 15
    NAME            shift and go to state 8
    HEADER_SYM      shift and go to state 11
    VAR_SYM         shift and go to state 16

    equality                       shift and go to state 34
    term                           shift and go to state 35
    function                       shift and go to state 36
    var_or_header                  shift and go to state 9
    header                         shift and go to state 33
    var                            shift and go to state 13

state 22

    (8) function -> NAME OPEN_PAREN . CLOSE_PAREN
    (9) function -> NAME OPEN_PAREN . equality CLOSE_PAREN
    (10) function -> NAME OPEN_PAREN . function CLOSE_PAREN
    (11) function -> NAME OPEN_PAREN . var_or_header CLOSE_PAREN
    (12) function -> NAME OPEN_PAREN . term CLOSE_PAREN
    (13) equality -> . function EQUALS term
    (14) equality -> . function EQUALS var_or_header
    (15) equality -> . var_or_header EQUALS function
    (16) equality -> . var_or_header EQUALS term
    (17) equality -> . var_or_header EQUALS var_or_header
    (18) equality -> . term EQUALS var_or_header
    (19) equality -> . term EQUALS term
    (20) equality -> . term EQUALS function
    (21) equality -> . equality EQUALS equality
    (22) equality -> . equality EQUALS term
    (8) function -> . NAME OPEN_PAREN CLOSE_PAREN
    (9) function -> . NAME OPEN_PAREN equality CLOSE_PAREN
    (10) function -> . NAME OPEN_PAREN function CLOSE_PAREN
    (11) function -> . NAME OPEN_PAREN var_or_header CLOSE_PAREN
    (12) function -> . NAME OPEN_PAREN term CLOSE_PAREN
    (28) var_or_header -> . header
    (29) var_or_header -> . var
    (23) term -> . QUOTE NAME QUOTE
    (24) term -> . QUOTE DATE QUOTE
    (25) term -> . QUOTE NUMBER QUOTE
    (26) term -> . NUMBER
    (27) term -> . REGEX
    (31) header -> . HEADER_SYM NAME
    (32) header -> . HEADER_SYM NUMBER
    (30) var -> . VAR_SYM NAME

    CLOSE_PAREN     shift and go to state 37
    NAME            shift and go to state 8
    QUOTE           shift and go to state 14
    NUMBER          shift and go to state 12
    REGEX           shift and go to state 15
    HEADER_SYM      shift and go to state 11
    VAR_SYM         shift and go to state 16

    equality                       shift and go to state 38
    function                       shift and go to state 39
    var_or_header                  shift and go to state 40
    term                           shift and go to state 41
    header                         shift and go to state 33
    var                            shift and go to state 13

state 23

    (15) equality -> var_or_header EQUALS . function
    (16) equality -> var_or_header EQUALS . term
    (17) equality -> var_or_header EQUALS . var_or_header
    (8) function -> . NAME OPEN_PAREN CLOSE_PAREN
    (9) function -> . NAME OPEN_PAREN equality CLOSE_PAREN
    (10) function -> . NAME OPEN_PAREN function CLOSE_PAREN
    (11) function -> . NAME OPEN_PAREN var_or_header CLOSE_PAREN
    (12) function -> . NAME OPEN_PAREN term CLOSE_PAREN
    (23) term -> . QUOTE NAME QUOTE
    (24) term -> . QUOTE DATE QUOTE
    (25) term -> . QUOTE NUMBER QUOTE
    (26) term -> . NUMBER
    (27) term -> . REGEX
    (28) var_or_header -> . header
    (29) var_or_header -> . var
    (31) header -> . HEADER_SYM NAME
    (32) header -> . HEADER_SYM NUMBER
    (30) var -> . VAR_SYM NAME

    NAME            shift and go to state 8
    QUOTE           shift and go to state 14
    NUMBER          shift and go to state 12
    REGEX           shift and go to state 15
    HEADER_SYM      shift and go to state 11
    VAR_SYM         shift and go to state 16

    var_or_header                  shift and go to state 42
    function                       shift and go to state 43
    term                           shift and go to state 44
    header                         shift and go to state 33
    var                            shift and go to state 13

state 24

    (18) equality -> term EQUALS . var_or_header
    (19) equality -> term EQUALS . term
    (20) equality -> term EQUALS . function
    (28) var_or_header -> . header
    (29) var_or_header -> . var
    (23) term -> . QUOTE NAME QUOTE
    (24) term -> . QUOTE DATE QUOTE
    (25) term -> . QUOTE NUMBER QUOTE
    (26) term -> . NUMBER
    (27) term -> . REGEX
    (8) function -> . NAME OPEN_PAREN CLOSE_PAREN
    (9) function -> . NAME OPEN_PAREN equality CLOSE_PAREN
    (10) function -> . NAME OPEN_PAREN function CLOSE_PAREN
    (11) function -> . NAME OPEN_PAREN var_or_header CLOSE_PAREN
    (12) function -> . NAME OPEN_PAREN term CLOSE_PAREN
    (31) header -> . HEADER_SYM NAME
    (32) header -> . HEADER_SYM NUMBER
    (30) var -> . VAR_SYM NAME

    QUOTE           shift and go to state 14
    NUMBER          shift and go to state 12
    REGEX           shift and go to state 15
    NAME            shift and go to state 8
    HEADER_SYM      shift and go to state 11
    VAR_SYM         shift and go to state 16

    term                           shift and go to state 45
    var_or_header                  shift and go to state 46
    function                       shift and go to state 47
    header                         shift and go to state 33
    var                            shift and go to state 13

state 25

    (31) header -> HEADER_SYM NAME .

    RIGHT_BRACKET   reduce using rule 31 (header -> HEADER_SYM NAME .)
    NAME            reduce using rule 31 (header -> HEADER_SYM NAME .)
    HEADER_SYM      reduce using rule 31 (header -> HEADER_SYM NAME .)
    QUOTE           reduce using rule 31 (header -> HEADER_SYM NAME .)
    NUMBER          reduce using rule 31 (header -> HEADER_SYM NAME .)
    REGEX           reduce using rule 31 (header -> HEADER_SYM NAME .)
    VAR_SYM         reduce using rule 31 (header -> HEADER_SYM NAME .)
    EQUALS          reduce using rule 31 (header -> HEADER_SYM NAME .)
    CLOSE_PAREN     reduce using rule 31 (header -> HEADER_SYM NAME .)


state 26

    (32) header -> HEADER_SYM NUMBER .

    RIGHT_BRACKET   reduce using rule 32 (header -> HEADER_SYM NUMBER .)
    NAME            reduce using rule 32 (header -> HEADER_SYM NUMBER .)
    HEADER_SYM      reduce using rule 32 (header -> HEADER_SYM NUMBER .)
    QUOTE           reduce using rule 32 (header -> HEADER_SYM NUMBER .)
    NUMBER          reduce using rule 32 (header -> HEADER_SYM NUMBER .)
    REGEX           reduce using rule 32 (header -> HEADER_SYM NUMBER .)
    VAR_SYM         reduce using rule 32 (header -> HEADER_SYM NUMBER .)
    EQUALS          reduce using rule 32 (header -> HEADER_SYM NUMBER .)
    CLOSE_PAREN     reduce using rule 32 (header -> HEADER_SYM NUMBER .)


state 27

    (23) term -> QUOTE NAME . QUOTE

    QUOTE           shift and go to state 48


state 28

    (24) term -> QUOTE DATE . QUOTE

    QUOTE           shift and go to state 49


state 29

    (25) term -> QUOTE NUMBER . QUOTE

    QUOTE           shift and go to state 50


state 30

    (30) var -> VAR_SYM NAME .

    EQUALS          reduce using rule 30 (var -> VAR_SYM NAME .)
    RIGHT_BRACKET   reduce using rule 30 (var -> VAR_SYM NAME .)
    NAME            reduce using rule 30 (var -> VAR_SYM NAME .)
    HEADER_SYM      reduce using rule 30 (var -> VAR_SYM NAME .)
    QUOTE           reduce using rule 30 (var -> VAR_SYM NAME .)
    NUMBER          reduce using rule 30 (var -> VAR_SYM NAME .)
    REGEX           reduce using rule 30 (var -> VAR_SYM NAME .)
    VAR_SYM         reduce using rule 30 (var -> VAR_SYM NAME .)
    CLOSE_PAREN     reduce using rule 30 (var -> VAR_SYM NAME .)


state 31

    (13) equality -> function EQUALS term .

    EQUALS          reduce using rule 13 (equality -> function EQUALS term .)
    RIGHT_BRACKET   reduce using rule 13 (equality -> function EQUALS term .)
    NAME            reduce using rule 13 (equality -> function EQUALS term .)
    HEADER_SYM      reduce using rule 13 (equality -> function EQUALS term .)
    QUOTE           reduce using rule 13 (equality -> function EQUALS term .)
    NUMBER          reduce using rule 13 (equality -> function EQUALS term .)
    REGEX           reduce using rule 13 (equality -> function EQUALS term .)
    VAR_SYM         reduce using rule 13 (equality -> function EQUALS term .)
    CLOSE_PAREN     reduce using rule 13 (equality -> function EQUALS term .)


state 32

    (14) equality -> function EQUALS var_or_header .

    EQUALS          reduce using rule 14 (equality -> function EQUALS var_or_header .)
    RIGHT_BRACKET   reduce using rule 14 (equality -> function EQUALS var_or_header .)
    NAME            reduce using rule 14 (equality -> function EQUALS var_or_header .)
    HEADER_SYM      reduce using rule 14 (equality -> function EQUALS var_or_header .)
    QUOTE           reduce using rule 14 (equality -> function EQUALS var_or_header .)
    NUMBER          reduce using rule 14 (equality -> function EQUALS var_or_header .)
    REGEX           reduce using rule 14 (equality -> function EQUALS var_or_header .)
    VAR_SYM         reduce using rule 14 (equality -> function EQUALS var_or_header .)
    CLOSE_PAREN     reduce using rule 14 (equality -> function EQUALS var_or_header .)


state 33

    (28) var_or_header -> header .

    EQUALS          reduce using rule 28 (var_or_header -> header .)
    RIGHT_BRACKET   reduce using rule 28 (var_or_header -> header .)
    NAME            reduce using rule 28 (var_or_header -> header .)
    HEADER_SYM      reduce using rule 28 (var_or_header -> header .)
    QUOTE           reduce using rule 28 (var_or_header -> header .)
    NUMBER          reduce using rule 28 (var_or_header -> header .)
    REGEX           reduce using rule 28 (var_or_header -> header .)
    VAR_SYM         reduce using rule 28 (var_or_header -> header .)
    CLOSE_PAREN     reduce using rule 28 (var_or_header -> header .)


state 34

    (21) equality -> equality EQUALS equality .
    (21) equality -> equality . EQUALS equality
    (22) equality -> equality . EQUALS term

  ! shift/reduce conflict for EQUALS resolved as shift
    RIGHT_BRACKET   reduce using rule 21 (equality -> equality EQUALS equality .)
    NAME            reduce using rule 21 (equality -> equality EQUALS equality .)
    HEADER_SYM      reduce using rule 21 (equality -> equality EQUALS equality .)
    QUOTE           reduce using rule 21 (equality -> equality EQUALS equality .)
    NUMBER          reduce using rule 21 (equality -> equality EQUALS equality .)
    REGEX           reduce using rule 21 (equality -> equality EQUALS equality .)
    VAR_SYM         reduce using rule 21 (equality -> equality EQUALS equality .)
    CLOSE_PAREN     reduce using rule 21 (equality -> equality EQUALS equality .)
    EQUALS          shift and go to state 21

  ! EQUALS          [ reduce using rule 21 (equality -> equality EQUALS equality .) ]


state 35

    (22) equality -> equality EQUALS term .
    (18) equality -> term . EQUALS var_or_header
    (19) equality -> term . EQUALS term
    (20) equality -> term . EQUALS function

  ! shift/reduce conflict for EQUALS resolved as shift
    RIGHT_BRACKET   reduce using rule 22 (equality -> equality EQUALS term .)
    NAME            reduce using rule 22 (equality -> equality EQUALS term .)
    HEADER_SYM      reduce using rule 22 (equality -> equality EQUALS term .)
    QUOTE           reduce using rule 22 (equality -> equality EQUALS term .)
    NUMBER          reduce using rule 22 (equality -> equality EQUALS term .)
    REGEX           reduce using rule 22 (equality -> equality EQUALS term .)
    VAR_SYM         reduce using rule 22 (equality -> equality EQUALS term .)
    CLOSE_PAREN     reduce using rule 22 (equality -> equality EQUALS term .)
    EQUALS          shift and go to state 24

  ! EQUALS          [ reduce using rule 22 (equality -> equality EQUALS term .) ]


state 36

    (13) equality -> function . EQUALS term
    (14) equality -> function . EQUALS var_or_header

    EQUALS          shift and go to state 20


state 37

    (8) function -> NAME OPEN_PAREN CLOSE_PAREN .

    EQUALS          reduce using rule 8 (function -> NAME OPEN_PAREN CLOSE_PAREN .)
    RIGHT_BRACKET   reduce using rule 8 (function -> NAME OPEN_PAREN CLOSE_PAREN .)
    NAME            reduce using rule 8 (function -> NAME OPEN_PAREN CLOSE_PAREN .)
    HEADER_SYM      reduce using rule 8 (function -> NAME OPEN_PAREN CLOSE_PAREN .)
    QUOTE           reduce using rule 8 (function -> NAME OPEN_PAREN CLOSE_PAREN .)
    NUMBER          reduce using rule 8 (function -> NAME OPEN_PAREN CLOSE_PAREN .)
    REGEX           reduce using rule 8 (function -> NAME OPEN_PAREN CLOSE_PAREN .)
    VAR_SYM         reduce using rule 8 (function -> NAME OPEN_PAREN CLOSE_PAREN .)
    CLOSE_PAREN     reduce using rule 8 (function -> NAME OPEN_PAREN CLOSE_PAREN .)


state 38

    (9) function -> NAME OPEN_PAREN equality . CLOSE_PAREN
    (21) equality -> equality . EQUALS equality
    (22) equality -> equality . EQUALS term

    CLOSE_PAREN     shift and go to state 51
    EQUALS          shift and go to state 21


state 39

    (10) function -> NAME OPEN_PAREN function . CLOSE_PAREN
    (13) equality -> function . EQUALS term
    (14) equality -> function . EQUALS var_or_header

    CLOSE_PAREN     shift and go to state 52
    EQUALS          shift and go to state 20


state 40

    (11) function -> NAME OPEN_PAREN var_or_header . CLOSE_PAREN
    (15) equality -> var_or_header . EQUALS function
    (16) equality -> var_or_header . EQUALS term
    (17) equality -> var_or_header . EQUALS var_or_header

    CLOSE_PAREN     shift and go to state 53
    EQUALS          shift and go to state 23


state 41

    (12) function -> NAME OPEN_PAREN term . CLOSE_PAREN
    (18) equality -> term . EQUALS var_or_header
    (19) equality -> term . EQUALS term
    (20) equality -> term . EQUALS function

    CLOSE_PAREN     shift and go to state 54
    EQUALS          shift and go to state 24


state 42

    (17) equality -> var_or_header EQUALS var_or_header .

    EQUALS          reduce using rule 17 (equality -> var_or_header EQUALS var_or_header .)
    RIGHT_BRACKET   reduce using rule 17 (equality -> var_or_header EQUALS var_or_header .)
    NAME            reduce using rule 17 (equality -> var_or_header EQUALS var_or_header .)
    HEADER_SYM      reduce using rule 17 (equality -> var_or_header EQUALS var_or_header .)
    QUOTE           reduce using rule 17 (equality -> var_or_header EQUALS var_or_header .)
    NUMBER          reduce using rule 17 (equality -> var_or_header EQUALS var_or_header .)
    REGEX           reduce using rule 17 (equality -> var_or_header EQUALS var_or_header .)
    VAR_SYM         reduce using rule 17 (equality -> var_or_header EQUALS var_or_header .)
    CLOSE_PAREN     reduce using rule 17 (equality -> var_or_header EQUALS var_or_header .)


state 43

    (15) equality -> var_or_header EQUALS function .

    EQUALS          reduce using rule 15 (equality -> var_or_header EQUALS function .)
    RIGHT_BRACKET   reduce using rule 15 (equality -> var_or_header EQUALS function .)
    NAME            reduce using rule 15 (equality -> var_or_header EQUALS function .)
    HEADER_SYM      reduce using rule 15 (equality -> var_or_header EQUALS function .)
    QUOTE           reduce using rule 15 (equality -> var_or_header EQUALS function .)
    NUMBER          reduce using rule 15 (equality -> var_or_header EQUALS function .)
    REGEX           reduce using rule 15 (equality -> var_or_header EQUALS function .)
    VAR_SYM         reduce using rule 15 (equality -> var_or_header EQUALS function .)
    CLOSE_PAREN     reduce using rule 15 (equality -> var_or_header EQUALS function .)


state 44

    (16) equality -> var_or_header EQUALS term .

    EQUALS          reduce using rule 16 (equality -> var_or_header EQUALS term .)
    RIGHT_BRACKET   reduce using rule 16 (equality -> var_or_header EQUALS term .)
    NAME            reduce using rule 16 (equality -> var_or_header EQUALS term .)
    HEADER_SYM      reduce using rule 16 (equality -> var_or_header EQUALS term .)
    QUOTE           reduce using rule 16 (equality -> var_or_header EQUALS term .)
    NUMBER          reduce using rule 16 (equality -> var_or_header EQUALS term .)
    REGEX           reduce using rule 16 (equality -> var_or_header EQUALS term .)
    VAR_SYM         reduce using rule 16 (equality -> var_or_header EQUALS term .)
    CLOSE_PAREN     reduce using rule 16 (equality -> var_or_header EQUALS term .)


state 45

    (19) equality -> term EQUALS term .

    EQUALS          reduce using rule 19 (equality -> term EQUALS term .)
    RIGHT_BRACKET   reduce using rule 19 (equality -> term EQUALS term .)
    NAME            reduce using rule 19 (equality -> term EQUALS term .)
    HEADER_SYM      reduce using rule 19 (equality -> term EQUALS term .)
    QUOTE           reduce using rule 19 (equality -> term EQUALS term .)
    NUMBER          reduce using rule 19 (equality -> term EQUALS term .)
    REGEX           reduce using rule 19 (equality -> term EQUALS term .)
    VAR_SYM         reduce using rule 19 (equality -> term EQUALS term .)
    CLOSE_PAREN     reduce using rule 19 (equality -> term EQUALS term .)


state 46

    (18) equality -> term EQUALS var_or_header .

    EQUALS          reduce using rule 18 (equality -> term EQUALS var_or_header .)
    RIGHT_BRACKET   reduce using rule 18 (equality -> term EQUALS var_or_header .)
    NAME            reduce using rule 18 (equality -> term EQUALS var_or_header .)
    HEADER_SYM      reduce using rule 18 (equality -> term EQUALS var_or_header .)
    QUOTE           reduce using rule 18 (equality -> term EQUALS var_or_header .)
    NUMBER          reduce using rule 18 (equality -> term EQUALS var_or_header .)
    REGEX           reduce using rule 18 (equality -> term EQUALS var_or_header .)
    VAR_SYM         reduce using rule 18 (equality -> term EQUALS var_or_header .)
    CLOSE_PAREN     reduce using rule 18 (equality -> term EQUALS var_or_header .)


state 47

    (20) equality -> term EQUALS function .

    EQUALS          reduce using rule 20 (equality -> term EQUALS function .)
    RIGHT_BRACKET   reduce using rule 20 (equality -> term EQUALS function .)
    NAME            reduce using rule 20 (equality -> term EQUALS function .)
    HEADER_SYM      reduce using rule 20 (equality -> term EQUALS function .)
    QUOTE           reduce using rule 20 (equality -> term EQUALS function .)
    NUMBER          reduce using rule 20 (equality -> term EQUALS function .)
    REGEX           reduce using rule 20 (equality -> term EQUALS function .)
    VAR_SYM         reduce using rule 20 (equality -> term EQUALS function .)
    CLOSE_PAREN     reduce using rule 20 (equality -> term EQUALS function .)


state 48

    (23) term -> QUOTE NAME QUOTE .

    EQUALS          reduce using rule 23 (term -> QUOTE NAME QUOTE .)
    RIGHT_BRACKET   reduce using rule 23 (term -> QUOTE NAME QUOTE .)
    NAME            reduce using rule 23 (term -> QUOTE NAME QUOTE .)
    HEADER_SYM      reduce using rule 23 (term -> QUOTE NAME QUOTE .)
    QUOTE           reduce using rule 23 (term -> QUOTE NAME QUOTE .)
    NUMBER          reduce using rule 23 (term -> QUOTE NAME QUOTE .)
    REGEX           reduce using rule 23 (term -> QUOTE NAME QUOTE .)
    VAR_SYM         reduce using rule 23 (term -> QUOTE NAME QUOTE .)
    CLOSE_PAREN     reduce using rule 23 (term -> QUOTE NAME QUOTE .)


state 49

    (24) term -> QUOTE DATE QUOTE .

    EQUALS          reduce using rule 24 (term -> QUOTE DATE QUOTE .)
    RIGHT_BRACKET   reduce using rule 24 (term -> QUOTE DATE QUOTE .)
    NAME            reduce using rule 24 (term -> QUOTE DATE QUOTE .)
    HEADER_SYM      reduce using rule 24 (term -> QUOTE DATE QUOTE .)
    QUOTE           reduce using rule 24 (term -> QUOTE DATE QUOTE .)
    NUMBER          reduce using rule 24 (term -> QUOTE DATE QUOTE .)
    REGEX           reduce using rule 24 (term -> QUOTE DATE QUOTE .)
    VAR_SYM         reduce using rule 24 (term -> QUOTE DATE QUOTE .)
    CLOSE_PAREN     reduce using rule 24 (term -> QUOTE DATE QUOTE .)


state 50

    (25) term -> QUOTE NUMBER QUOTE .

    EQUALS          reduce using rule 25 (term -> QUOTE NUMBER QUOTE .)
    RIGHT_BRACKET   reduce using rule 25 (term -> QUOTE NUMBER QUOTE .)
    NAME            reduce using rule 25 (term -> QUOTE NUMBER QUOTE .)
    HEADER_SYM      reduce using rule 25 (term -> QUOTE NUMBER QUOTE .)
    QUOTE           reduce using rule 25 (term -> QUOTE NUMBER QUOTE .)
    NUMBER          reduce using rule 25 (term -> QUOTE NUMBER QUOTE .)
    REGEX           reduce using rule 25 (term -> QUOTE NUMBER QUOTE .)
    VAR_SYM         reduce using rule 25 (term -> QUOTE NUMBER QUOTE .)
    CLOSE_PAREN     reduce using rule 25 (term -> QUOTE NUMBER QUOTE .)


state 51

    (9) function -> NAME OPEN_PAREN equality CLOSE_PAREN .

    EQUALS          reduce using rule 9 (function -> NAME OPEN_PAREN equality CLOSE_PAREN .)
    RIGHT_BRACKET   reduce using rule 9 (function -> NAME OPEN_PAREN equality CLOSE_PAREN .)
    NAME            reduce using rule 9 (function -> NAME OPEN_PAREN equality CLOSE_PAREN .)
    HEADER_SYM      reduce using rule 9 (function -> NAME OPEN_PAREN equality CLOSE_PAREN .)
    QUOTE           reduce using rule 9 (function -> NAME OPEN_PAREN equality CLOSE_PAREN .)
    NUMBER          reduce using rule 9 (function -> NAME OPEN_PAREN equality CLOSE_PAREN .)
    REGEX           reduce using rule 9 (function -> NAME OPEN_PAREN equality CLOSE_PAREN .)
    VAR_SYM         reduce using rule 9 (function -> NAME OPEN_PAREN equality CLOSE_PAREN .)
    CLOSE_PAREN     reduce using rule 9 (function -> NAME OPEN_PAREN equality CLOSE_PAREN .)


state 52

    (10) function -> NAME OPEN_PAREN function CLOSE_PAREN .

    EQUALS          reduce using rule 10 (function -> NAME OPEN_PAREN function CLOSE_PAREN .)
    RIGHT_BRACKET   reduce using rule 10 (function -> NAME OPEN_PAREN function CLOSE_PAREN .)
    NAME            reduce using rule 10 (function -> NAME OPEN_PAREN function CLOSE_PAREN .)
    HEADER_SYM      reduce using rule 10 (function -> NAME OPEN_PAREN function CLOSE_PAREN .)
    QUOTE           reduce using rule 10 (function -> NAME OPEN_PAREN function CLOSE_PAREN .)
    NUMBER          reduce using rule 10 (function -> NAME OPEN_PAREN function CLOSE_PAREN .)
    REGEX           reduce using rule 10 (function -> NAME OPEN_PAREN function CLOSE_PAREN .)
    VAR_SYM         reduce using rule 10 (function -> NAME OPEN_PAREN function CLOSE_PAREN .)
    CLOSE_PAREN     reduce using rule 10 (function -> NAME OPEN_PAREN function CLOSE_PAREN .)


state 53

    (11) function -> NAME OPEN_PAREN var_or_header CLOSE_PAREN .

    EQUALS          reduce using rule 11 (function -> NAME OPEN_PAREN var_or_header CLOSE_PAREN .)
    RIGHT_BRACKET   reduce using rule 11 (function -> NAME OPEN_PAREN var_or_header CLOSE_PAREN .)
    NAME            reduce using rule 11 (function -> NAME OPEN_PAREN var_or_header CLOSE_PAREN .)
    HEADER_SYM      reduce using rule 11 (function -> NAME OPEN_PAREN var_or_header CLOSE_PAREN .)
    QUOTE           reduce using rule 11 (function -> NAME OPEN_PAREN var_or_header CLOSE_PAREN .)
    NUMBER          reduce using rule 11 (function -> NAME OPEN_PAREN var_or_header CLOSE_PAREN .)
    REGEX           reduce using rule 11 (function -> NAME OPEN_PAREN var_or_header CLOSE_PAREN .)
    VAR_SYM         reduce using rule 11 (function -> NAME OPEN_PAREN var_or_header CLOSE_PAREN .)
    CLOSE_PAREN     reduce using rule 11 (function -> NAME OPEN_PAREN var_or_header CLOSE_PAREN .)


state 54

    (12) function -> NAME OPEN_PAREN term CLOSE_PAREN .

    EQUALS          reduce using rule 12 (function -> NAME OPEN_PAREN term CLOSE_PAREN .)
    RIGHT_BRACKET   reduce using rule 12 (function -> NAME OPEN_PAREN term CLOSE_PAREN .)
    NAME            reduce using rule 12 (function -> NAME OPEN_PAREN term CLOSE_PAREN .)
    HEADER_SYM      reduce using rule 12 (function -> NAME OPEN_PAREN term CLOSE_PAREN .)
    QUOTE           reduce using rule 12 (function -> NAME OPEN_PAREN term CLOSE_PAREN .)
    NUMBER          reduce using rule 12 (function -> NAME OPEN_PAREN term CLOSE_PAREN .)
    REGEX           reduce using rule 12 (function -> NAME OPEN_PAREN term CLOSE_PAREN .)
    VAR_SYM         reduce using rule 12 (function -> NAME OPEN_PAREN term CLOSE_PAREN .)
    CLOSE_PAREN     reduce using rule 12 (function -> NAME OPEN_PAREN term CLOSE_PAREN .)

WARNING: 
WARNING: Conflicts:
WARNING: 
WARNING: shift/reduce conflict for RIGHT_BRACKET in state 3 resolved as shift
WARNING: shift/reduce conflict for EQUALS in state 34 resolved as shift
WARNING: shift/reduce conflict for EQUALS in state 35 resolved as shift
